-------------------------------------------------------------------------------
Test set: org.example.QuanLyMuaVu.controller.AuthenticationControllerIntegrationTest
-------------------------------------------------------------------------------
Tests run: 10, Failures: 2, Errors: 0, Skipped: 0, Time elapsed: 13.06 s <<< FAILURE! -- in org.example.QuanLyMuaVu.controller.AuthenticationControllerIntegrationTest
org.example.QuanLyMuaVu.controller.AuthenticationControllerIntegrationTest.testGetCurrentUserWithoutToken -- Time elapsed: 0.442 s <<< FAILURE!
java.lang.AssertionError: Status expected:<401> but was:<403>
	at org.springframework.test.util.AssertionErrors.fail(AssertionErrors.java:61)
	at org.springframework.test.util.AssertionErrors.assertEquals(AssertionErrors.java:128)
	at org.springframework.test.web.servlet.result.StatusResultMatchers.lambda$matcher$9(StatusResultMatchers.java:640)
	at org.springframework.test.web.servlet.MockMvc$1.andExpect(MockMvc.java:214)
	at org.example.QuanLyMuaVu.controller.AuthenticationControllerIntegrationTest.testGetCurrentUserWithoutToken(AuthenticationControllerIntegrationTest.java:252)
	at java.base/java.lang.reflect.Method.invoke(Method.java:568)
	at java.base/java.util.ArrayList.forEach(ArrayList.java:1511)
	at java.base/java.util.ArrayList.forEach(ArrayList.java:1511)

org.example.QuanLyMuaVu.controller.AuthenticationControllerIntegrationTest.testLockedUser -- Time elapsed: 0.289 s <<< FAILURE!
java.lang.AssertionError: JSON path "$.code" expected:<USER_LOCKED> but was:<ERR_USER_INACTIVE>
	at org.springframework.test.util.AssertionErrors.fail(AssertionErrors.java:61)
	at org.springframework.test.util.AssertionErrors.assertEquals(AssertionErrors.java:128)
	at org.springframework.test.util.JsonPathExpectationsHelper.assertValue(JsonPathExpectationsHelper.java:172)
	at org.springframework.test.web.servlet.result.JsonPathResultMatchers.lambda$value$2(JsonPathResultMatchers.java:112)
	at org.springframework.test.web.servlet.MockMvc$1.andExpect(MockMvc.java:214)
	at org.example.QuanLyMuaVu.controller.AuthenticationControllerIntegrationTest.testLockedUser(AuthenticationControllerIntegrationTest.java:202)
	at java.base/java.lang.reflect.Method.invoke(Method.java:568)
	at java.base/java.util.ArrayList.forEach(ArrayList.java:1511)
	at java.base/java.util.ArrayList.forEach(ArrayList.java:1511)

