<?xml version="1.0" encoding="UTF-8"?>
<testsuite xmlns:xsi="http://www.w3.org/2001/XMLSchema-instance" xsi:noNamespaceSchemaLocation="https://maven.apache.org/surefire/maven-surefire-plugin/xsd/surefire-test-report.xsd" version="3.0.2" name="org.example.QuanLyMuaVu.controller.AuthenticationControllerTest" time="0.861" tests="6" errors="0" skipped="0" failures="3">
  <properties>
[...]
</properties>
  <testcase name="signIn_WithInvalidEmailFormat_Returns400" classname="org.example.QuanLyMuaVu.controller.AuthenticationControllerTest" time="0.096">
    <failure message="Status expected:&lt;400&gt; but was:&lt;401&gt;" type="java.lang.AssertionError"><![CDATA[java.lang.AssertionError: Status expected:<400> but was:<401>
	at org.springframework.test.util.AssertionErrors.fail(AssertionErrors.java:61)
	at org.springframework.test.util.AssertionErrors.assertEquals(AssertionErrors.java:128)
	at org.springframework.test.web.servlet.result.StatusResultMatchers.lambda$matcher$9(StatusResultMatchers.java:640)
	at org.springframework.test.web.servlet.MockMvc$1.andExpect(MockMvc.java:214)
	at org.example.QuanLyMuaVu.controller.AuthenticationControllerTest.signIn_WithInvalidEmailFormat_Returns400(AuthenticationControllerTest.java:173)
	at java.base/java.lang.reflect.Method.invoke(Method.java:568)
	at java.base/java.util.ArrayList.forEach(ArrayList.java:1511)
	at java.base/java.util.ArrayList.forEach(ArrayList.java:1511)
]]></failure>
    <system-out><![CDATA[2026-01-05 23:25:41 - Could not detect default configuration classes for test class [org.example.QuanLyMuaVu.controller.AuthenticationControllerTest]: AuthenticationControllerTest does not declare any static, non-private, non-final, nested classes annotated with @Configuration.
2026-01-05 23:25:41 - Found @SpringBootConfiguration org.example.QuanLyMuaVu.QuanLyMuaVuApplication for test class org.example.QuanLyMuaVu.controller.AuthenticationControllerTest
Hibernate: select r1_0.role_id,r1_0.role_code,r1_0.description,r1_0.role_name from roles r1_0 where r1_0.role_id=?
Hibernate: insert into users (email,full_name,joined_date,password_hash,phone,province_id,status,user_name,ward_id) values (?,?,?,?,?,?,?,?,?)
2026-01-05 23:25:41 - Securing POST /api/v1/auth/sign-in
2026-01-05 23:25:41 - Set SecurityContextHolder to anonymous SecurityContext
2026-01-05 23:25:41 - Secured POST /api/v1/auth/sign-in
2026-01-05 23:25:41 - Mapped to org.example.QuanLyMuaVu.Controller.AuthenticationController#authenticate(AuthenticationRequest)
2026-01-05 23:25:41 - Read "application/json;charset=UTF-8" to [AuthenticationRequest(identifier=null, email=not-an-email, password=password123, rememberMe=false)]
2026-01-05 23:25:41 - Authentication attempt for identifier: not-an-email
Hibernate: insert into user_roles (user_id,role_id) values (?,?)
Hibernate: select u1_0.user_id,u1_0.email,u1_0.full_name,u1_0.joined_date,u1_0.password_hash,u1_0.phone,u1_0.province_id,r1_0.user_id,r1_1.role_id,r1_1.role_code,r1_1.description,r1_1.role_name,u1_0.status,u1_0.user_name,u1_0.ward_id from users u1_0 left join user_roles r1_0 on u1_0.user_id=r1_0.user_id left join roles r1_1 on r1_1.role_id=r1_0.role_id where lower(u1_0.email)=lower(?) or lower(u1_0.user_name)=lower(?)
2026-01-05 23:25:41 - Authentication failed - identifier not found: not-an-email
2026-01-05 23:25:41 - Using @ExceptionHandler org.example.QuanLyMuaVu.Exception.GlobalExceptionHandler#handlingAppException(AppException)
2026-01-05 23:25:41 - Using 'application/json', given [*/*] and supported [application/json, application/*+json, application/yaml]
2026-01-05 23:25:41 - Writing [org.example.QuanLyMuaVu.DTO.Common.ApiResponse@707a39d9]
2026-01-05 23:25:41 - Resolved [org.example.QuanLyMuaVu.Exception.AppException: Invalid username/email or password.]

MockHttpServletRequest:
      HTTP Method = POST
      Request URI = /api/v1/auth/sign-in
       Parameters = {}
          Headers = [Content-Type:"application/json;charset=UTF-8", Content-Length:"63"]
             Body = {
    "email": "not-an-email",
    "password": "password123"
}

    Session Attrs = {}

Handler:
             Type = org.example.QuanLyMuaVu.Controller.AuthenticationController
           Method = org.example.QuanLyMuaVu.Controller.AuthenticationController#authenticate(AuthenticationRequest)

Async:
    Async started = false
     Async result = null

Resolved Exception:
             Type = org.example.QuanLyMuaVu.Exception.AppException

ModelAndView:
        View name = null
             View = null
            Model = null

FlashMap:
       Attributes = null

MockHttpServletResponse:
           Status = 401
    Error message = null
          Headers = [Vary:"Origin", "Access-Control-Request-Method", "Access-Control-Request-Headers", Content-Type:"application/json", X-Content-Type-Options:"nosniff", X-XSS-Protection:"0", Cache-Control:"no-cache, no-store, max-age=0, must-revalidate", Pragma:"no-cache", Expires:"0", X-Frame-Options:"DENY"]
     Content type = application/json
             Body = {"status":401,"code":"INVALID_CREDENTIALS","message":"Invalid username/email or password.","result":null}
    Forwarded URL = null
   Redirected URL = null
          Cookies = []
]]></system-out>
  </testcase>
  <testcase name="signIn_WithWrongPassword_Returns401" classname="org.example.QuanLyMuaVu.controller.AuthenticationControllerTest" time="0.149">
    <failure message="JSON path &quot;$.code&quot; expected:&lt;ERR_INVALID_CREDENTIALS&gt; but was:&lt;INVALID_CREDENTIALS&gt;" type="java.lang.AssertionError"><![CDATA[java.lang.AssertionError: JSON path "$.code" expected:<ERR_INVALID_CREDENTIALS> but was:<INVALID_CREDENTIALS>
	at org.springframework.test.util.AssertionErrors.fail(AssertionErrors.java:61)
	at org.springframework.test.util.AssertionErrors.assertEquals(AssertionErrors.java:128)
	at org.springframework.test.util.JsonPathExpectationsHelper.assertValue(JsonPathExpectationsHelper.java:172)
	at org.springframework.test.web.servlet.result.JsonPathResultMatchers.lambda$value$2(JsonPathResultMatchers.java:112)
	at org.springframework.test.web.servlet.MockMvc$1.andExpect(MockMvc.java:214)
	at org.example.QuanLyMuaVu.controller.AuthenticationControllerTest.signIn_WithWrongPassword_Returns401(AuthenticationControllerTest.java:114)
	at java.base/java.lang.reflect.Method.invoke(Method.java:568)
	at java.base/java.util.ArrayList.forEach(ArrayList.java:1511)
	at java.base/java.util.ArrayList.forEach(ArrayList.java:1511)
]]></failure>
    <system-out><![CDATA[Hibernate: select r1_0.role_id,r1_0.role_code,r1_0.description,r1_0.role_name from roles r1_0 where r1_0.role_id=?
Hibernate: insert into users (email,full_name,joined_date,password_hash,phone,province_id,status,user_name,ward_id) values (?,?,?,?,?,?,?,?,?)
2026-01-05 23:25:41 - Securing POST /api/v1/auth/sign-in
2026-01-05 23:25:41 - Set SecurityContextHolder to anonymous SecurityContext
2026-01-05 23:25:41 - Secured POST /api/v1/auth/sign-in
2026-01-05 23:25:41 - Mapped to org.example.QuanLyMuaVu.Controller.AuthenticationController#authenticate(AuthenticationRequest)
2026-01-05 23:25:41 - Read "application/json;charset=UTF-8" to [AuthenticationRequest(identifier=null, email=test@acm.local, password=wrongpassword, rememberMe=fals (truncated)...]
2026-01-05 23:25:41 - Authentication attempt for identifier: test@acm.local
Hibernate: insert into user_roles (user_id,role_id) values (?,?)
Hibernate: select u1_0.user_id,u1_0.email,u1_0.full_name,u1_0.joined_date,u1_0.password_hash,u1_0.phone,u1_0.province_id,r1_0.user_id,r1_1.role_id,r1_1.role_code,r1_1.description,r1_1.role_name,u1_0.status,u1_0.user_name,u1_0.ward_id from users u1_0 left join user_roles r1_0 on u1_0.user_id=r1_0.user_id left join roles r1_1 on r1_1.role_id=r1_0.role_id where lower(u1_0.email)=lower(?) or lower(u1_0.user_name)=lower(?)
2026-01-05 23:25:41 - Authentication failed - invalid password for identifier: test@acm.local
2026-01-05 23:25:41 - Using @ExceptionHandler org.example.QuanLyMuaVu.Exception.GlobalExceptionHandler#handlingAppException(AppException)
2026-01-05 23:25:41 - Using 'application/json', given [*/*] and supported [application/json, application/*+json, application/yaml]
2026-01-05 23:25:41 - Writing [org.example.QuanLyMuaVu.DTO.Common.ApiResponse@5545ca27]
2026-01-05 23:25:41 - Resolved [org.example.QuanLyMuaVu.Exception.AppException: Invalid username/email or password.]

MockHttpServletRequest:
      HTTP Method = POST
      Request URI = /api/v1/auth/sign-in
       Parameters = {}
          Headers = [Content-Type:"application/json;charset=UTF-8", Content-Length:"129"]
             Body = {"identifier":null,"email":"test@acm.local","password":"wrongpassword","rememberMe":false,"effectiveIdentifier":"test@acm.local"}
    Session Attrs = {}

Handler:
             Type = org.example.QuanLyMuaVu.Controller.AuthenticationController
           Method = org.example.QuanLyMuaVu.Controller.AuthenticationController#authenticate(AuthenticationRequest)

Async:
    Async started = false
     Async result = null

Resolved Exception:
             Type = org.example.QuanLyMuaVu.Exception.AppException

ModelAndView:
        View name = null
             View = null
            Model = null

FlashMap:
       Attributes = null

MockHttpServletResponse:
           Status = 401
    Error message = null
          Headers = [Vary:"Origin", "Access-Control-Request-Method", "Access-Control-Request-Headers", Content-Type:"application/json", X-Content-Type-Options:"nosniff", X-XSS-Protection:"0", Cache-Control:"no-cache, no-store, max-age=0, must-revalidate", Pragma:"no-cache", Expires:"0", X-Frame-Options:"DENY"]
     Content type = application/json
             Body = {"status":401,"code":"INVALID_CREDENTIALS","message":"Invalid username/email or password.","result":null}
    Forwarded URL = null
   Redirected URL = null
          Cookies = []
]]></system-out>
  </testcase>
  <testcase name="signIn_WithInactiveUser_Returns403" classname="org.example.QuanLyMuaVu.controller.AuthenticationControllerTest" time="0.215">
    <system-out><![CDATA[Hibernate: select r1_0.role_id,r1_0.role_code,r1_0.description,r1_0.role_name from roles r1_0 where r1_0.role_id=?
Hibernate: insert into users (email,full_name,joined_date,password_hash,phone,province_id,status,user_name,ward_id) values (?,?,?,?,?,?,?,?,?)
Hibernate: insert into users (email,full_name,joined_date,password_hash,phone,province_id,status,user_name,ward_id) values (?,?,?,?,?,?,?,?,?)
2026-01-05 23:25:41 - Securing POST /api/v1/auth/sign-in
2026-01-05 23:25:41 - Set SecurityContextHolder to anonymous SecurityContext
2026-01-05 23:25:41 - Secured POST /api/v1/auth/sign-in
2026-01-05 23:25:41 - Mapped to org.example.QuanLyMuaVu.Controller.AuthenticationController#authenticate(AuthenticationRequest)
2026-01-05 23:25:41 - Read "application/json;charset=UTF-8" to [AuthenticationRequest(identifier=null, email=inactive@acm.local, password=testpassword123, rememberM (truncated)...]
2026-01-05 23:25:41 - Authentication attempt for identifier: inactive@acm.local
Hibernate: insert into user_roles (user_id,role_id) values (?,?)
Hibernate: insert into user_roles (user_id,role_id) values (?,?)
Hibernate: select u1_0.user_id,u1_0.email,u1_0.full_name,u1_0.joined_date,u1_0.password_hash,u1_0.phone,u1_0.province_id,r1_0.user_id,r1_1.role_id,r1_1.role_code,r1_1.description,r1_1.role_name,u1_0.status,u1_0.user_name,u1_0.ward_id from users u1_0 left join user_roles r1_0 on u1_0.user_id=r1_0.user_id left join roles r1_1 on r1_1.role_id=r1_0.role_id where lower(u1_0.email)=lower(?) or lower(u1_0.user_name)=lower(?)
2026-01-05 23:25:41 - Authentication failed - user not active. Identifier: inactive@acm.local, Status: INACTIVE
2026-01-05 23:25:41 - Using @ExceptionHandler org.example.QuanLyMuaVu.Exception.GlobalExceptionHandler#handlingAppException(AppException)
2026-01-05 23:25:41 - Using 'application/json', given [*/*] and supported [application/json, application/*+json, application/yaml]
2026-01-05 23:25:41 - Writing [org.example.QuanLyMuaVu.DTO.Common.ApiResponse@1889ba7]
2026-01-05 23:25:41 - Resolved [org.example.QuanLyMuaVu.Exception.AppException: Your account has been deactivated. Please contact administrator.]
]]></system-out>
  </testcase>
  <testcase name="signIn_WithValidCredentials_ReturnsToken" classname="org.example.QuanLyMuaVu.controller.AuthenticationControllerTest" time="0.15">
    <system-out><![CDATA[Hibernate: select r1_0.role_id,r1_0.role_code,r1_0.description,r1_0.role_name from roles r1_0 where r1_0.role_id=?
Hibernate: insert into users (email,full_name,joined_date,password_hash,phone,province_id,status,user_name,ward_id) values (?,?,?,?,?,?,?,?,?)
2026-01-05 23:25:41 - Securing POST /api/v1/auth/sign-in
2026-01-05 23:25:41 - Set SecurityContextHolder to anonymous SecurityContext
2026-01-05 23:25:41 - Secured POST /api/v1/auth/sign-in
2026-01-05 23:25:41 - Mapped to org.example.QuanLyMuaVu.Controller.AuthenticationController#authenticate(AuthenticationRequest)
2026-01-05 23:25:41 - Read "application/json;charset=UTF-8" to [AuthenticationRequest(identifier=null, email=test@acm.local, password=testpassword123, rememberMe=fa (truncated)...]
2026-01-05 23:25:41 - Authentication attempt for identifier: test@acm.local
Hibernate: insert into user_roles (user_id,role_id) values (?,?)
Hibernate: select u1_0.user_id,u1_0.email,u1_0.full_name,u1_0.joined_date,u1_0.password_hash,u1_0.phone,u1_0.province_id,r1_0.user_id,r1_1.role_id,r1_1.role_code,r1_1.description,r1_1.role_name,u1_0.status,u1_0.user_name,u1_0.ward_id from users u1_0 left join user_roles r1_0 on u1_0.user_id=r1_0.user_id left join roles r1_1 on r1_1.role_id=r1_0.role_id where lower(u1_0.email)=lower(?) or lower(u1_0.user_name)=lower(?)
2026-01-05 23:25:42 - Generating JWT token for user: test@acm.local
2026-01-05 23:25:42 - JWT token generated successfully for email: test@acm.local - expires in 3600 seconds
2026-01-05 23:25:42 - Authentication successful for identifier: test@acm.local - token generated, role: FARMER
2026-01-05 23:25:42 - Using 'application/json', given [*/*] and supported [application/json, application/*+json, application/yaml]
2026-01-05 23:25:42 - Writing [org.example.QuanLyMuaVu.DTO.Common.ApiResponse@274ffe0e]
]]></system-out>
  </testcase>
  <testcase name="signIn_WithNonExistentEmail_Returns401" classname="org.example.QuanLyMuaVu.controller.AuthenticationControllerTest" time="0.089">
    <failure message="JSON path &quot;$.code&quot; expected:&lt;ERR_INVALID_CREDENTIALS&gt; but was:&lt;INVALID_CREDENTIALS&gt;" type="java.lang.AssertionError"><![CDATA[java.lang.AssertionError: JSON path "$.code" expected:<ERR_INVALID_CREDENTIALS> but was:<INVALID_CREDENTIALS>
	at org.springframework.test.util.AssertionErrors.fail(AssertionErrors.java:61)
	at org.springframework.test.util.AssertionErrors.assertEquals(AssertionErrors.java:128)
	at org.springframework.test.util.JsonPathExpectationsHelper.assertValue(JsonPathExpectationsHelper.java:172)
	at org.springframework.test.web.servlet.result.JsonPathResultMatchers.lambda$value$2(JsonPathResultMatchers.java:112)
	at org.springframework.test.web.servlet.MockMvc$1.andExpect(MockMvc.java:214)
	at org.example.QuanLyMuaVu.controller.AuthenticationControllerTest.signIn_WithNonExistentEmail_Returns401(AuthenticationControllerTest.java:130)
	at java.base/java.lang.reflect.Method.invoke(Method.java:568)
	at java.base/java.util.ArrayList.forEach(ArrayList.java:1511)
	at java.base/java.util.ArrayList.forEach(ArrayList.java:1511)
]]></failure>
    <system-out><![CDATA[Hibernate: select r1_0.role_id,r1_0.role_code,r1_0.description,r1_0.role_name from roles r1_0 where r1_0.role_id=?
Hibernate: insert into users (email,full_name,joined_date,password_hash,phone,province_id,status,user_name,ward_id) values (?,?,?,?,?,?,?,?,?)
2026-01-05 23:25:42 - Securing POST /api/v1/auth/sign-in
2026-01-05 23:25:42 - Set SecurityContextHolder to anonymous SecurityContext
2026-01-05 23:25:42 - Secured POST /api/v1/auth/sign-in
2026-01-05 23:25:42 - Mapped to org.example.QuanLyMuaVu.Controller.AuthenticationController#authenticate(AuthenticationRequest)
2026-01-05 23:25:42 - Read "application/json;charset=UTF-8" to [AuthenticationRequest(identifier=null, email=nonexistent@acm.local, password=testpassword123, rememb (truncated)...]
2026-01-05 23:25:42 - Authentication attempt for identifier: nonexistent@acm.local
Hibernate: insert into user_roles (user_id,role_id) values (?,?)
Hibernate: select u1_0.user_id,u1_0.email,u1_0.full_name,u1_0.joined_date,u1_0.password_hash,u1_0.phone,u1_0.province_id,r1_0.user_id,r1_1.role_id,r1_1.role_code,r1_1.description,r1_1.role_name,u1_0.status,u1_0.user_name,u1_0.ward_id from users u1_0 left join user_roles r1_0 on u1_0.user_id=r1_0.user_id left join roles r1_1 on r1_1.role_id=r1_0.role_id where lower(u1_0.email)=lower(?) or lower(u1_0.user_name)=lower(?)
2026-01-05 23:25:42 - Authentication failed - identifier not found: nonexistent@acm.local
2026-01-05 23:25:42 - Using @ExceptionHandler org.example.QuanLyMuaVu.Exception.GlobalExceptionHandler#handlingAppException(AppException)
2026-01-05 23:25:42 - Using 'application/json', given [*/*] and supported [application/json, application/*+json, application/yaml]
2026-01-05 23:25:42 - Writing [org.example.QuanLyMuaVu.DTO.Common.ApiResponse@2bf3002f]
2026-01-05 23:25:42 - Resolved [org.example.QuanLyMuaVu.Exception.AppException: Invalid username/email or password.]

MockHttpServletRequest:
      HTTP Method = POST
      Request URI = /api/v1/auth/sign-in
       Parameters = {}
          Headers = [Content-Type:"application/json;charset=UTF-8", Content-Length:"145"]
             Body = {"identifier":null,"email":"nonexistent@acm.local","password":"testpassword123","rememberMe":false,"effectiveIdentifier":"nonexistent@acm.local"}
    Session Attrs = {}

Handler:
             Type = org.example.QuanLyMuaVu.Controller.AuthenticationController
           Method = org.example.QuanLyMuaVu.Controller.AuthenticationController#authenticate(AuthenticationRequest)

Async:
    Async started = false
     Async result = null

Resolved Exception:
             Type = org.example.QuanLyMuaVu.Exception.AppException

ModelAndView:
        View name = null
             View = null
            Model = null

FlashMap:
       Attributes = null

MockHttpServletResponse:
           Status = 401
    Error message = null
          Headers = [Vary:"Origin", "Access-Control-Request-Method", "Access-Control-Request-Headers", Content-Type:"application/json", X-Content-Type-Options:"nosniff", X-XSS-Protection:"0", Cache-Control:"no-cache, no-store, max-age=0, must-revalidate", Pragma:"no-cache", Expires:"0", X-Frame-Options:"DENY"]
     Content type = application/json
             Body = {"status":401,"code":"INVALID_CREDENTIALS","message":"Invalid username/email or password.","result":null}
    Forwarded URL = null
   Redirected URL = null
          Cookies = []
]]></system-out>
  </testcase>
  <testcase name="signIn_WithCaseInsensitiveEmail_ReturnsToken" classname="org.example.QuanLyMuaVu.controller.AuthenticationControllerTest" time="0.149">
    <system-out><![CDATA[Hibernate: select r1_0.role_id,r1_0.role_code,r1_0.description,r1_0.role_name from roles r1_0 where r1_0.role_id=?
Hibernate: insert into users (email,full_name,joined_date,password_hash,phone,province_id,status,user_name,ward_id) values (?,?,?,?,?,?,?,?,?)
2026-01-05 23:25:42 - Securing POST /api/v1/auth/sign-in
2026-01-05 23:25:42 - Set SecurityContextHolder to anonymous SecurityContext
2026-01-05 23:25:42 - Secured POST /api/v1/auth/sign-in
2026-01-05 23:25:42 - Mapped to org.example.QuanLyMuaVu.Controller.AuthenticationController#authenticate(AuthenticationRequest)
2026-01-05 23:25:42 - Read "application/json;charset=UTF-8" to [AuthenticationRequest(identifier=null, email=TEST@ACM.LOCAL, password=testpassword123, rememberMe=fa (truncated)...]
2026-01-05 23:25:42 - Authentication attempt for identifier: TEST@ACM.LOCAL
Hibernate: insert into user_roles (user_id,role_id) values (?,?)
Hibernate: select u1_0.user_id,u1_0.email,u1_0.full_name,u1_0.joined_date,u1_0.password_hash,u1_0.phone,u1_0.province_id,r1_0.user_id,r1_1.role_id,r1_1.role_code,r1_1.description,r1_1.role_name,u1_0.status,u1_0.user_name,u1_0.ward_id from users u1_0 left join user_roles r1_0 on u1_0.user_id=r1_0.user_id left join roles r1_1 on r1_1.role_id=r1_0.role_id where lower(u1_0.email)=lower(?) or lower(u1_0.user_name)=lower(?)
2026-01-05 23:25:42 - Generating JWT token for user: test@acm.local
2026-01-05 23:25:42 - JWT token generated successfully for email: test@acm.local - expires in 3600 seconds
2026-01-05 23:25:42 - Authentication successful for identifier: TEST@ACM.LOCAL - token generated, role: FARMER
2026-01-05 23:25:42 - Using 'application/json', given [*/*] and supported [application/json, application/*+json, application/yaml]
2026-01-05 23:25:42 - Writing [org.example.QuanLyMuaVu.DTO.Common.ApiResponse@548b84d8]
]]></system-out>
  </testcase>
</testsuite>