<?xml version="1.0" encoding="UTF-8"?>
<testsuite xmlns:xsi="http://www.w3.org/2001/XMLSchema-instance" xsi:noNamespaceSchemaLocation="https://maven.apache.org/surefire/maven-surefire-plugin/xsd/surefire-test-report.xsd" version="3.0.2" name="org.example.QuanLyMuaVu.controller.AuthenticationControllerIntegrationTest" time="13.055" tests="10" errors="0" skipped="0" failures="2">
  <properties>
[...]
</properties>
  <testcase name="testGetCurrentUserWithoutToken" classname="org.example.QuanLyMuaVu.controller.AuthenticationControllerIntegrationTest" time="0.442">
    <failure message="Status expected:&lt;401&gt; but was:&lt;403&gt;" type="java.lang.AssertionError"><![CDATA[java.lang.AssertionError: Status expected:<401> but was:<403>
	at org.springframework.test.util.AssertionErrors.fail(AssertionErrors.java:61)
	at org.springframework.test.util.AssertionErrors.assertEquals(AssertionErrors.java:128)
	at org.springframework.test.web.servlet.result.StatusResultMatchers.lambda$matcher$9(StatusResultMatchers.java:640)
	at org.springframework.test.web.servlet.MockMvc$1.andExpect(MockMvc.java:214)
	at org.example.QuanLyMuaVu.controller.AuthenticationControllerIntegrationTest.testGetCurrentUserWithoutToken(AuthenticationControllerIntegrationTest.java:252)
	at java.base/java.lang.reflect.Method.invoke(Method.java:568)
	at java.base/java.util.ArrayList.forEach(ArrayList.java:1511)
	at java.base/java.util.ArrayList.forEach(ArrayList.java:1511)
]]></failure>
    <system-out><![CDATA[23:25:28.415 [main] INFO org.springframework.test.context.support.AnnotationConfigContextLoaderUtils -- Could not detect default configuration classes for test class [org.example.QuanLyMuaVu.controller.AuthenticationControllerIntegrationTest]: AuthenticationControllerIntegrationTest does not declare any static, non-private, non-final, nested classes annotated with @Configuration.
23:25:28.556 [main] INFO org.springframework.boot.test.context.SpringBootTestContextBootstrapper -- Found @SpringBootConfiguration org.example.QuanLyMuaVu.QuanLyMuaVuApplication for test class org.example.QuanLyMuaVu.controller.AuthenticationControllerIntegrationTest

  .   ____          _            __ _ _
 /\\ / ___'_ __ _ _(_)_ __  __ _ \ \ \ \
( ( )\___ | '_ | '_| | '_ \/ _` | \ \ \ \
 \\/  ___)| |_)| | | | | || (_| |  ) ) ) )
  '  |____| .__|_| |_|_| |_\__, | / / / /
 =========|_|==============|___/=/_/_/_/

 :: Spring Boot ::                (v3.5.3)

2026-01-05 23:25:29 - Starting AuthenticationControllerIntegrationTest using Java 17.0.12 with PID 9076 (started by Asus in C:\Users\Asus\Desktop\acm_new_fix\agricultural-crop-management-backend)
2026-01-05 23:25:29 - Running with Spring Boot v3.5.3, Spring v6.2.8
2026-01-05 23:25:29 - The following 1 profile is active: "test"
2026-01-05 23:25:29 - Refreshing org.springframework.web.context.support.GenericWebApplicationContext@fbe70d8
2026-01-05 23:25:30 - Bootstrapping Spring Data JPA repositories in DEFAULT mode.
2026-01-05 23:25:30 - Finished Spring Data repository scanning in 200 ms. Found 29 JPA repository interfaces.
2026-01-05 23:25:31 - HHH000204: Processing PersistenceUnitInfo [name: default]
2026-01-05 23:25:31 - HHH000412: Hibernate ORM core version 6.6.18.Final
2026-01-05 23:25:31 - HHH000026: Second-level cache disabled
2026-01-05 23:25:31 - No LoadTimeWeaver setup: ignoring JPA class transformer
2026-01-05 23:25:31 - HikariPool-1 - Starting...
2026-01-05 23:25:31 - HikariPool-1 - Added connection com.mysql.cj.jdbc.ConnectionImpl@a165c11
2026-01-05 23:25:31 - HikariPool-1 - Start completed.
2026-01-05 23:25:31 - HHH10001005: Database info:
	Database JDBC URL [Connecting through datasource 'HikariDataSource (HikariPool-1)']
	Database driver: undefined/unknown
	Database version: 8.0.44
	Autocommit mode: undefined/unknown
	Isolation level: undefined/unknown
	Minimum pool size: undefined/unknown
	Maximum pool size: undefined/unknown
2026-01-05 23:25:31 - HHH000491: 'org.example.QuanLyMuaVu.Entity.Farm.user' uses both @NotFound and FetchType.LAZY. @ManyToOne and @OneToOne associations mapped with @NotFound are forced to EAGER fetching.
2026-01-05 23:25:32 - HHH000489: No JTA platform available (set 'hibernate.transaction.jta.platform' to enable JTA platform integration)
Hibernate: alter table incidents modify column severity enum ('HIGH','LOW','MEDIUM')
Hibernate: alter table incidents modify column status enum ('CANCELLED','IN_PROGRESS','OPEN','RESOLVED')
Hibernate: alter table stock_movements modify column movement_type enum ('ADJUST','IN','OUT') not null
2026-01-05 23:25:33 - Initialized JPA EntityManagerFactory for persistence unit 'default'
2026-01-05 23:25:33 - Hibernate is in classpath; If applicable, HQL parser will be used.
2026-01-05 23:25:35 - Gemini configuration: baseUrl=https://generativelanguage.googleapis.com, model=gemini-2.5-flash, apiVersion=v1beta, apiKeyPresent=true, apiKeySource=GEMINI_API_KEY
2026-01-05 23:25:36 - Dang khoi tao du lieu mac dinh (vai tro va nguoi dung)...
2026-01-05 23:25:36 - spring.jpa.open-in-view is enabled by default. Therefore, database queries may be performed during view rendering. Explicitly configure spring.jpa.open-in-view to disable this warning
2026-01-05 23:25:36 - Cau hinh Bo chuyen doi xac thuc JWT...
2026-01-05 23:25:36 - Bo chuyen doi xac thuc JWT da duoc cau hinh thanh cong
2026-01-05 23:25:36 - 177 mappings in 'requestMappingHandlerMapping'
2026-01-05 23:25:36 - Patterns [/webjars/**, /**, /swagger-ui*/*swagger-initializer.js, /swagger-ui*/**] in 'resourceHandlerMapping'
2026-01-05 23:25:36 - No authenticationProviders and no parentAuthenticationManager defined. Returning null.
2026-01-05 23:25:36 - Cau hinh chuoi bo loc bao mat...
2026-01-05 23:25:36 - Cau hinh bao mat da hoan tat thanh cong
2026-01-05 23:25:36 - Public endpoints: [/api/v1/auth/sign-in, /api/v1/auth/login, /api/v1/auth/sign-up, /api/v1/auth/introspect, /api/v1/auth/refresh]
2026-01-05 23:25:36 - Swagger endpoints: [/swagger-ui/**, /swagger-ui.html, /v3/api-docs/**, /swagger-resources/**, /webjars/**, /doc.html]
2026-01-05 23:25:37 - Will secure any request with filters: DisableEncodeUrlFilter, WebAsyncManagerIntegrationFilter, SecurityContextHolderFilter, HeaderWriterFilter, CorsFilter, LogoutFilter, BearerTokenAuthenticationFilter, AuthenticationFilter, RequestCacheAwareFilter, SecurityContextHolderAwareRequestFilter, AnonymousAuthenticationFilter, SessionManagementFilter, ExceptionTranslationFilter, AuthorizationFilter
2026-01-05 23:25:37 - ControllerAdvice beans: 0 @ModelAttribute, 0 @InitBinder, 1 RequestBodyAdvice, 1 ResponseBodyAdvice
2026-01-05 23:25:37 - ControllerAdvice beans: 2 @ExceptionHandler, 1 ResponseBodyAdvice
2026-01-05 23:25:37 - Initializing Spring TestDispatcherServlet ''
2026-01-05 23:25:37 - Initializing Servlet ''
2026-01-05 23:25:37 - Completed initialization in 2 ms
2026-01-05 23:25:37 - Started AuthenticationControllerIntegrationTest in 9.176 seconds (process running for 11.567)
Hibernate: select r1_0.role_id,r1_0.role_code,r1_0.description,r1_0.role_name from roles r1_0 where r1_0.role_code=?
Hibernate: select r1_0.role_id,r1_0.role_code,r1_0.description,r1_0.role_name from roles r1_0 where r1_0.role_code=?
Hibernate: select u1_0.user_id,u1_0.email,u1_0.full_name,u1_0.joined_date,u1_0.password_hash,u1_0.phone,u1_0.province_id,r1_0.user_id,r1_1.role_id,r1_1.role_code,r1_1.description,r1_1.role_name,u1_0.status,u1_0.user_name,u1_0.ward_id from users u1_0 left join user_roles r1_0 on u1_0.user_id=r1_0.user_id left join roles r1_1 on r1_1.role_id=r1_0.role_id where lower(u1_0.email)=lower(?)
Hibernate: select u1_0.user_id,u1_0.email,u1_0.full_name,u1_0.joined_date,u1_0.password_hash,u1_0.phone,u1_0.province_id,r1_0.user_id,r1_1.role_id,r1_1.role_code,r1_1.description,r1_1.role_name,u1_0.status,u1_0.user_name,u1_0.ward_id from users u1_0 left join user_roles r1_0 on u1_0.user_id=r1_0.user_id left join roles r1_1 on r1_1.role_id=r1_0.role_id where u1_0.user_name=?
2026-01-05 23:25:38 - User already exists with correct role: admin@acm.local
Hibernate: select u1_0.user_id,u1_0.email,u1_0.full_name,u1_0.joined_date,u1_0.password_hash,u1_0.phone,u1_0.province_id,r1_0.user_id,r1_1.role_id,r1_1.role_code,r1_1.description,r1_1.role_name,u1_0.status,u1_0.user_name,u1_0.ward_id from users u1_0 left join user_roles r1_0 on u1_0.user_id=r1_0.user_id left join roles r1_1 on r1_1.role_id=r1_0.role_id where lower(u1_0.email)=lower(?)
Hibernate: select u1_0.user_id,u1_0.email,u1_0.full_name,u1_0.joined_date,u1_0.password_hash,u1_0.phone,u1_0.province_id,r1_0.user_id,r1_1.role_id,r1_1.role_code,r1_1.description,r1_1.role_name,u1_0.status,u1_0.user_name,u1_0.ward_id from users u1_0 left join user_roles r1_0 on u1_0.user_id=r1_0.user_id left join roles r1_1 on r1_1.role_id=r1_0.role_id where u1_0.user_name=?
2026-01-05 23:25:38 - User already exists with correct role: farmer@acm.local
2026-01-05 23:25:38 - Khoi tao du lieu mac dinh hoan tat.
Hibernate: select count(*) from provinces p1_0
Hibernate: select count(*) from wards w1_0
2026-01-05 23:25:38 - Address tables already populated. Skipping automatic import.
Hibernate: select r1_0.role_id,r1_0.role_code,r1_0.description,r1_0.role_name from roles r1_0 where r1_0.role_code=?
Hibernate: select r1_0.role_id,r1_0.role_code,r1_0.description,r1_0.role_name from roles r1_0 where r1_0.role_code=?
Hibernate: insert into roles (role_code,description,role_name) values (?,?,?)
Hibernate: insert into users (email,full_name,joined_date,password_hash,phone,province_id,status,user_name,ward_id) values (?,?,?,?,?,?,?,?,?)
Hibernate: insert into user_roles (user_id,role_id) values (?,?)
Hibernate: insert into users (email,full_name,joined_date,password_hash,phone,province_id,status,user_name,ward_id) values (?,?,?,?,?,?,?,?,?)
Hibernate: insert into user_roles (user_id,role_id) values (?,?)
Hibernate: insert into users (email,full_name,joined_date,password_hash,phone,province_id,status,user_name,ward_id) values (?,?,?,?,?,?,?,?,?)
2026-01-05 23:25:38 - Securing GET /api/v1/auth/me
2026-01-05 23:25:38 - Set SecurityContextHolder to anonymous SecurityContext
2026-01-05 23:25:38 - Secured GET /api/v1/auth/me
2026-01-05 23:25:38 - Mapped to org.example.QuanLyMuaVu.Controller.AuthenticationController#getCurrentUser()
2026-01-05 23:25:38 - Authorizing method invocation ReflectiveMethodInvocation: org.example.QuanLyMuaVu.DTO.Common.ApiResponse org.example.QuanLyMuaVu.Controller.AuthenticationController.getCurrentUser(); target is of class [org.example.QuanLyMuaVu.Controller.AuthenticationController]
2026-01-05 23:25:38 - Failed to authorize ReflectiveMethodInvocation: org.example.QuanLyMuaVu.DTO.Common.ApiResponse org.example.QuanLyMuaVu.Controller.AuthenticationController.getCurrentUser(); target is of class [org.example.QuanLyMuaVu.Controller.AuthenticationController] with authorization manager org.springframework.security.authorization.method.PreAuthorizeAuthorizationManager@71896b5d and result ExpressionAuthorizationDecision [granted=false, expressionAttribute=isAuthenticated()]
2026-01-05 23:25:38 - Using @ExceptionHandler org.example.QuanLyMuaVu.Exception.GlobalExceptionHandler#handlingAccessDeniedException(AccessDeniedException)
2026-01-05 23:25:38 - Using 'application/json', given [*/*] and supported [application/json, application/*+json, application/yaml]
2026-01-05 23:25:38 - Writing [org.example.QuanLyMuaVu.DTO.Common.ApiResponse@160c4b01]
2026-01-05 23:25:38 - Resolved [org.springframework.security.authorization.AuthorizationDeniedException: Access Denied]

MockHttpServletRequest:
      HTTP Method = GET
      Request URI = /api/v1/auth/me
       Parameters = {}
          Headers = []
             Body = null
    Session Attrs = {}

Handler:
             Type = org.example.QuanLyMuaVu.Controller.AuthenticationController
           Method = org.example.QuanLyMuaVu.Controller.AuthenticationController#getCurrentUser()

Async:
    Async started = false
     Async result = null

Resolved Exception:
             Type = org.springframework.security.authorization.AuthorizationDeniedException

ModelAndView:
        View name = null
             View = null
            Model = null

FlashMap:
       Attributes = null

MockHttpServletResponse:
           Status = 403
    Error message = null
          Headers = [Vary:"Origin", "Access-Control-Request-Method", "Access-Control-Request-Headers", Content-Type:"application/json", X-Content-Type-Options:"nosniff", X-XSS-Protection:"0", Cache-Control:"no-cache, no-store, max-age=0, must-revalidate", Pragma:"no-cache", Expires:"0", X-Frame-Options:"DENY"]
     Content type = application/json
             Body = {"status":403,"code":"ERR_FORBIDDEN","message":"Forbidden","result":null}
    Forwarded URL = null
   Redirected URL = null
          Cookies = []
]]></system-out>
  </testcase>
  <testcase name="testGetCurrentUser" classname="org.example.QuanLyMuaVu.controller.AuthenticationControllerIntegrationTest" time="0.519">
    <system-out><![CDATA[Hibernate: select r1_0.role_id,r1_0.role_code,r1_0.description,r1_0.role_name from roles r1_0 where r1_0.role_code=?
Hibernate: select r1_0.role_id,r1_0.role_code,r1_0.description,r1_0.role_name from roles r1_0 where r1_0.role_code=?
Hibernate: insert into roles (role_code,description,role_name) values (?,?,?)
Hibernate: insert into users (email,full_name,joined_date,password_hash,phone,province_id,status,user_name,ward_id) values (?,?,?,?,?,?,?,?,?)
Hibernate: insert into user_roles (user_id,role_id) values (?,?)
Hibernate: insert into users (email,full_name,joined_date,password_hash,phone,province_id,status,user_name,ward_id) values (?,?,?,?,?,?,?,?,?)
Hibernate: insert into user_roles (user_id,role_id) values (?,?)
Hibernate: insert into users (email,full_name,joined_date,password_hash,phone,province_id,status,user_name,ward_id) values (?,?,?,?,?,?,?,?,?)
2026-01-05 23:25:38 - Securing POST /api/v1/auth/sign-in
2026-01-05 23:25:38 - Set SecurityContextHolder to anonymous SecurityContext
2026-01-05 23:25:38 - Secured POST /api/v1/auth/sign-in
2026-01-05 23:25:38 - Mapped to org.example.QuanLyMuaVu.Controller.AuthenticationController#authenticate(AuthenticationRequest)
2026-01-05 23:25:38 - Read "application/json;charset=UTF-8" to [AuthenticationRequest(identifier=active@test.local, email=null, password=testPassword123, rememberMe (truncated)...]
2026-01-05 23:25:38 - Authentication attempt for identifier: active@test.local
Hibernate: select u1_0.user_id,u1_0.email,u1_0.full_name,u1_0.joined_date,u1_0.password_hash,u1_0.phone,u1_0.province_id,r1_0.user_id,r1_1.role_id,r1_1.role_code,r1_1.description,r1_1.role_name,u1_0.status,u1_0.user_name,u1_0.ward_id from users u1_0 left join user_roles r1_0 on u1_0.user_id=r1_0.user_id left join roles r1_1 on r1_1.role_id=r1_0.role_id where lower(u1_0.email)=lower(?) or lower(u1_0.user_name)=lower(?)
2026-01-05 23:25:38 - Generating JWT token for user: active@test.local
2026-01-05 23:25:38 - JWT token generated successfully for email: active@test.local - expires in 3600 seconds
2026-01-05 23:25:38 - Authentication successful for identifier: active@test.local - token generated, role: FARMER
2026-01-05 23:25:38 - Using 'application/json', given [*/*] and supported [application/json, application/*+json, application/yaml]
2026-01-05 23:25:38 - Writing [org.example.QuanLyMuaVu.DTO.Common.ApiResponse@103e0951]
2026-01-05 23:25:38 - Securing GET /api/v1/auth/me
2026-01-05 23:25:38 - Dang co gang giai ma JWT token: eyJhbGciOiJIUzUxMiJ9...
2026-01-05 23:25:38 - Introspecting token: eyJhbGciOiJIUzUxMiJ9...
2026-01-05 23:25:38 - Verifying token - isRefresh: false
Hibernate: select count(*) from invalidated_token it1_0 where it1_0.id=?
2026-01-05 23:25:38 - Token verification successful
2026-01-05 23:25:38 - Token introspection successful - token is valid
2026-01-05 23:25:38 - Kiem tra token thanh cong tien hanh giai ma JWT
2026-01-05 23:25:38 - Khoi tao bo giai ma Nimbus JWT bang thuat toan HS512
2026-01-05 23:25:38 - Bo giai ma Nimbus JWT da duoc khoi tao thanh cong
2026-01-05 23:25:38 - JWT token da duoc giai ma thanh cong cho chu the: 124
2026-01-05 23:25:38 - Authenticated token
2026-01-05 23:25:38 - Set SecurityContextHolder to JwtAuthenticationToken [Principal=org.springframework.security.oauth2.jwt.Jwt@76bdfdb, Credentials=[PROTECTED], Authenticated=true, Details=WebAuthenticationDetails [RemoteIpAddress=127.0.0.1, SessionId=null], Granted Authorities=[ROLE_FARMER]]
2026-01-05 23:25:38 - Secured GET /api/v1/auth/me
2026-01-05 23:25:38 - Mapped to org.example.QuanLyMuaVu.Controller.AuthenticationController#getCurrentUser()
2026-01-05 23:25:38 - Authorizing method invocation ReflectiveMethodInvocation: org.example.QuanLyMuaVu.DTO.Common.ApiResponse org.example.QuanLyMuaVu.Controller.AuthenticationController.getCurrentUser(); target is of class [org.example.QuanLyMuaVu.Controller.AuthenticationController]
2026-01-05 23:25:38 - Authorized method invocation ReflectiveMethodInvocation: org.example.QuanLyMuaVu.DTO.Common.ApiResponse org.example.QuanLyMuaVu.Controller.AuthenticationController.getCurrentUser(); target is of class [org.example.QuanLyMuaVu.Controller.AuthenticationController]
Hibernate: select u1_0.user_id,u1_0.email,u1_0.full_name,u1_0.joined_date,u1_0.password_hash,u1_0.phone,u1_0.province_id,r1_0.user_id,r1_1.role_id,r1_1.role_code,r1_1.description,r1_1.role_name,u1_0.status,u1_0.user_name,u1_0.ward_id from users u1_0 left join user_roles r1_0 on u1_0.user_id=r1_0.user_id left join roles r1_1 on r1_1.role_id=r1_0.role_id where lower(u1_0.email)=lower(?) or lower(u1_0.user_name)=lower(?)
2026-01-05 23:25:38 - Using 'application/json', given [*/*] and supported [application/json, application/*+json, application/yaml]
2026-01-05 23:25:38 - Writing [org.example.QuanLyMuaVu.DTO.Common.ApiResponse@723e9e3a]
]]></system-out>
  </testcase>
  <testcase name="testValidLoginWithEmail" classname="org.example.QuanLyMuaVu.controller.AuthenticationControllerIntegrationTest" time="0.299">
    <system-out><![CDATA[Hibernate: select r1_0.role_id,r1_0.role_code,r1_0.description,r1_0.role_name from roles r1_0 where r1_0.role_code=?
Hibernate: select r1_0.role_id,r1_0.role_code,r1_0.description,r1_0.role_name from roles r1_0 where r1_0.role_code=?
Hibernate: insert into roles (role_code,description,role_name) values (?,?,?)
Hibernate: insert into users (email,full_name,joined_date,password_hash,phone,province_id,status,user_name,ward_id) values (?,?,?,?,?,?,?,?,?)
Hibernate: insert into user_roles (user_id,role_id) values (?,?)
Hibernate: insert into users (email,full_name,joined_date,password_hash,phone,province_id,status,user_name,ward_id) values (?,?,?,?,?,?,?,?,?)
Hibernate: insert into user_roles (user_id,role_id) values (?,?)
Hibernate: insert into users (email,full_name,joined_date,password_hash,phone,province_id,status,user_name,ward_id) values (?,?,?,?,?,?,?,?,?)
2026-01-05 23:25:39 - Securing POST /api/v1/auth/sign-in
2026-01-05 23:25:39 - Set SecurityContextHolder to anonymous SecurityContext
2026-01-05 23:25:39 - Secured POST /api/v1/auth/sign-in
2026-01-05 23:25:39 - Mapped to org.example.QuanLyMuaVu.Controller.AuthenticationController#authenticate(AuthenticationRequest)
2026-01-05 23:25:39 - Read "application/json;charset=UTF-8" to [AuthenticationRequest(identifier=active@test.local, email=null, password=testPassword123, rememberMe (truncated)...]
2026-01-05 23:25:39 - Authentication attempt for identifier: active@test.local
Hibernate: select u1_0.user_id,u1_0.email,u1_0.full_name,u1_0.joined_date,u1_0.password_hash,u1_0.phone,u1_0.province_id,r1_0.user_id,r1_1.role_id,r1_1.role_code,r1_1.description,r1_1.role_name,u1_0.status,u1_0.user_name,u1_0.ward_id from users u1_0 left join user_roles r1_0 on u1_0.user_id=r1_0.user_id left join roles r1_1 on r1_1.role_id=r1_0.role_id where lower(u1_0.email)=lower(?) or lower(u1_0.user_name)=lower(?)
2026-01-05 23:25:39 - Generating JWT token for user: active@test.local
2026-01-05 23:25:39 - JWT token generated successfully for email: active@test.local - expires in 3600 seconds
2026-01-05 23:25:39 - Authentication successful for identifier: active@test.local - token generated, role: FARMER
2026-01-05 23:25:39 - Using 'application/json', given [*/*] and supported [application/json, application/*+json, application/yaml]
2026-01-05 23:25:39 - Writing [org.example.QuanLyMuaVu.DTO.Common.ApiResponse@3991900e]
]]></system-out>
  </testcase>
  <testcase name="testBuyerUserRedirect" classname="org.example.QuanLyMuaVu.controller.AuthenticationControllerIntegrationTest" time="0.355">
    <system-out><![CDATA[Hibernate: select r1_0.role_id,r1_0.role_code,r1_0.description,r1_0.role_name from roles r1_0 where r1_0.role_code=?
Hibernate: select r1_0.role_id,r1_0.role_code,r1_0.description,r1_0.role_name from roles r1_0 where r1_0.role_code=?
Hibernate: insert into roles (role_code,description,role_name) values (?,?,?)
Hibernate: insert into users (email,full_name,joined_date,password_hash,phone,province_id,status,user_name,ward_id) values (?,?,?,?,?,?,?,?,?)
Hibernate: insert into user_roles (user_id,role_id) values (?,?)
Hibernate: insert into users (email,full_name,joined_date,password_hash,phone,province_id,status,user_name,ward_id) values (?,?,?,?,?,?,?,?,?)
Hibernate: insert into user_roles (user_id,role_id) values (?,?)
Hibernate: insert into users (email,full_name,joined_date,password_hash,phone,province_id,status,user_name,ward_id) values (?,?,?,?,?,?,?,?,?)
Hibernate: insert into users (email,full_name,joined_date,password_hash,phone,province_id,status,user_name,ward_id) values (?,?,?,?,?,?,?,?,?)
Hibernate: insert into user_roles (user_id,role_id) values (?,?)
2026-01-05 23:25:39 - Securing POST /api/v1/auth/sign-in
2026-01-05 23:25:39 - Set SecurityContextHolder to anonymous SecurityContext
2026-01-05 23:25:39 - Secured POST /api/v1/auth/sign-in
2026-01-05 23:25:39 - Mapped to org.example.QuanLyMuaVu.Controller.AuthenticationController#authenticate(AuthenticationRequest)
2026-01-05 23:25:39 - Read "application/json;charset=UTF-8" to [AuthenticationRequest(identifier=buyer@test.local, email=null, password=testPassword123, rememberMe= (truncated)...]
2026-01-05 23:25:39 - Authentication attempt for identifier: buyer@test.local
Hibernate: select u1_0.user_id,u1_0.email,u1_0.full_name,u1_0.joined_date,u1_0.password_hash,u1_0.phone,u1_0.province_id,r1_0.user_id,r1_1.role_id,r1_1.role_code,r1_1.description,r1_1.role_name,u1_0.status,u1_0.user_name,u1_0.ward_id from users u1_0 left join user_roles r1_0 on u1_0.user_id=r1_0.user_id left join roles r1_1 on r1_1.role_id=r1_0.role_id where lower(u1_0.email)=lower(?) or lower(u1_0.user_name)=lower(?)
2026-01-05 23:25:39 - Generating JWT token for user: buyer@test.local
2026-01-05 23:25:39 - JWT token generated successfully for email: buyer@test.local - expires in 3600 seconds
2026-01-05 23:25:39 - Authentication successful for identifier: buyer@test.local - token generated, role: BUYER
2026-01-05 23:25:39 - Using 'application/json', given [*/*] and supported [application/json, application/*+json, application/yaml]
2026-01-05 23:25:39 - Writing [org.example.QuanLyMuaVu.DTO.Common.ApiResponse@26c0c964]
]]></system-out>
  </testcase>
  <testcase name="testLockedUser" classname="org.example.QuanLyMuaVu.controller.AuthenticationControllerIntegrationTest" time="0.289">
    <failure message="JSON path &quot;$.code&quot; expected:&lt;USER_LOCKED&gt; but was:&lt;ERR_USER_INACTIVE&gt;" type="java.lang.AssertionError"><![CDATA[java.lang.AssertionError: JSON path "$.code" expected:<USER_LOCKED> but was:<ERR_USER_INACTIVE>
	at org.springframework.test.util.AssertionErrors.fail(AssertionErrors.java:61)
	at org.springframework.test.util.AssertionErrors.assertEquals(AssertionErrors.java:128)
	at org.springframework.test.util.JsonPathExpectationsHelper.assertValue(JsonPathExpectationsHelper.java:172)
	at org.springframework.test.web.servlet.result.JsonPathResultMatchers.lambda$value$2(JsonPathResultMatchers.java:112)
	at org.springframework.test.web.servlet.MockMvc$1.andExpect(MockMvc.java:214)
	at org.example.QuanLyMuaVu.controller.AuthenticationControllerIntegrationTest.testLockedUser(AuthenticationControllerIntegrationTest.java:202)
	at java.base/java.lang.reflect.Method.invoke(Method.java:568)
	at java.base/java.util.ArrayList.forEach(ArrayList.java:1511)
	at java.base/java.util.ArrayList.forEach(ArrayList.java:1511)
]]></failure>
    <system-out><![CDATA[Hibernate: select r1_0.role_id,r1_0.role_code,r1_0.description,r1_0.role_name from roles r1_0 where r1_0.role_code=?
Hibernate: select r1_0.role_id,r1_0.role_code,r1_0.description,r1_0.role_name from roles r1_0 where r1_0.role_code=?
Hibernate: insert into roles (role_code,description,role_name) values (?,?,?)
Hibernate: insert into users (email,full_name,joined_date,password_hash,phone,province_id,status,user_name,ward_id) values (?,?,?,?,?,?,?,?,?)
Hibernate: insert into user_roles (user_id,role_id) values (?,?)
Hibernate: insert into users (email,full_name,joined_date,password_hash,phone,province_id,status,user_name,ward_id) values (?,?,?,?,?,?,?,?,?)
Hibernate: insert into user_roles (user_id,role_id) values (?,?)
Hibernate: insert into users (email,full_name,joined_date,password_hash,phone,province_id,status,user_name,ward_id) values (?,?,?,?,?,?,?,?,?)
2026-01-05 23:25:39 - Securing POST /api/v1/auth/sign-in
2026-01-05 23:25:39 - Set SecurityContextHolder to anonymous SecurityContext
2026-01-05 23:25:39 - Secured POST /api/v1/auth/sign-in
2026-01-05 23:25:39 - Mapped to org.example.QuanLyMuaVu.Controller.AuthenticationController#authenticate(AuthenticationRequest)
2026-01-05 23:25:39 - Read "application/json;charset=UTF-8" to [AuthenticationRequest(identifier=locked@test.local, email=null, password=testPassword123, rememberMe (truncated)...]
2026-01-05 23:25:39 - Authentication attempt for identifier: locked@test.local
Hibernate: select u1_0.user_id,u1_0.email,u1_0.full_name,u1_0.joined_date,u1_0.password_hash,u1_0.phone,u1_0.province_id,r1_0.user_id,r1_1.role_id,r1_1.role_code,r1_1.description,r1_1.role_name,u1_0.status,u1_0.user_name,u1_0.ward_id from users u1_0 left join user_roles r1_0 on u1_0.user_id=r1_0.user_id left join roles r1_1 on r1_1.role_id=r1_0.role_id where lower(u1_0.email)=lower(?) or lower(u1_0.user_name)=lower(?)
2026-01-05 23:25:39 - Authentication failed - user not active. Identifier: locked@test.local, Status: INACTIVE
2026-01-05 23:25:39 - Using @ExceptionHandler org.example.QuanLyMuaVu.Exception.GlobalExceptionHandler#handlingAppException(AppException)
2026-01-05 23:25:39 - Using 'application/json', given [*/*] and supported [application/json, application/*+json, application/yaml]
2026-01-05 23:25:39 - Writing [org.example.QuanLyMuaVu.DTO.Common.ApiResponse@41abb865]
2026-01-05 23:25:39 - Resolved [org.example.QuanLyMuaVu.Exception.AppException: Your account has been deactivated. Please contact administrator.]

MockHttpServletRequest:
      HTTP Method = POST
      Request URI = /api/v1/auth/sign-in
       Parameters = {}
          Headers = [Content-Type:"application/json;charset=UTF-8", Content-Length:"137"]
             Body = {"identifier":"locked@test.local","email":null,"password":"testPassword123","rememberMe":false,"effectiveIdentifier":"locked@test.local"}
    Session Attrs = {}

Handler:
             Type = org.example.QuanLyMuaVu.Controller.AuthenticationController
           Method = org.example.QuanLyMuaVu.Controller.AuthenticationController#authenticate(AuthenticationRequest)

Async:
    Async started = false
     Async result = null

Resolved Exception:
             Type = org.example.QuanLyMuaVu.Exception.AppException

ModelAndView:
        View name = null
             View = null
            Model = null

FlashMap:
       Attributes = null

MockHttpServletResponse:
           Status = 403
    Error message = null
          Headers = [Vary:"Origin", "Access-Control-Request-Method", "Access-Control-Request-Headers", Content-Type:"application/json", X-Content-Type-Options:"nosniff", X-XSS-Protection:"0", Cache-Control:"no-cache, no-store, max-age=0, must-revalidate", Pragma:"no-cache", Expires:"0", X-Frame-Options:"DENY"]
     Content type = application/json
             Body = {"status":403,"code":"ERR_USER_INACTIVE","message":"Your account has been deactivated. Please contact administrator.","result":null}
    Forwarded URL = null
   Redirected URL = null
          Cookies = []
]]></system-out>
  </testcase>
  <testcase name="testUserWithoutRoles" classname="org.example.QuanLyMuaVu.controller.AuthenticationControllerIntegrationTest" time="0.29">
    <system-out><![CDATA[Hibernate: select r1_0.role_id,r1_0.role_code,r1_0.description,r1_0.role_name from roles r1_0 where r1_0.role_code=?
Hibernate: select r1_0.role_id,r1_0.role_code,r1_0.description,r1_0.role_name from roles r1_0 where r1_0.role_code=?
Hibernate: insert into roles (role_code,description,role_name) values (?,?,?)
Hibernate: insert into users (email,full_name,joined_date,password_hash,phone,province_id,status,user_name,ward_id) values (?,?,?,?,?,?,?,?,?)
Hibernate: insert into user_roles (user_id,role_id) values (?,?)
Hibernate: insert into users (email,full_name,joined_date,password_hash,phone,province_id,status,user_name,ward_id) values (?,?,?,?,?,?,?,?,?)
Hibernate: insert into user_roles (user_id,role_id) values (?,?)
Hibernate: insert into users (email,full_name,joined_date,password_hash,phone,province_id,status,user_name,ward_id) values (?,?,?,?,?,?,?,?,?)
2026-01-05 23:25:40 - Securing POST /api/v1/auth/sign-in
2026-01-05 23:25:40 - Set SecurityContextHolder to anonymous SecurityContext
2026-01-05 23:25:40 - Secured POST /api/v1/auth/sign-in
2026-01-05 23:25:40 - Mapped to org.example.QuanLyMuaVu.Controller.AuthenticationController#authenticate(AuthenticationRequest)
2026-01-05 23:25:40 - Read "application/json;charset=UTF-8" to [AuthenticationRequest(identifier=noroles@test.local, email=null, password=testPassword123, rememberM (truncated)...]
2026-01-05 23:25:40 - Authentication attempt for identifier: noroles@test.local
Hibernate: select u1_0.user_id,u1_0.email,u1_0.full_name,u1_0.joined_date,u1_0.password_hash,u1_0.phone,u1_0.province_id,r1_0.user_id,r1_1.role_id,r1_1.role_code,r1_1.description,r1_1.role_name,u1_0.status,u1_0.user_name,u1_0.ward_id from users u1_0 left join user_roles r1_0 on u1_0.user_id=r1_0.user_id left join roles r1_1 on r1_1.role_id=r1_0.role_id where lower(u1_0.email)=lower(?) or lower(u1_0.user_name)=lower(?)
2026-01-05 23:25:40 - Authentication failed - no roles assigned to user: noroles@test.local
2026-01-05 23:25:40 - Using @ExceptionHandler org.example.QuanLyMuaVu.Exception.GlobalExceptionHandler#handlingAppException(AppException)
2026-01-05 23:25:40 - Using 'application/json', given [*/*] and supported [application/json, application/*+json, application/yaml]
2026-01-05 23:25:40 - Writing [org.example.QuanLyMuaVu.DTO.Common.ApiResponse@72e558ff]
2026-01-05 23:25:40 - Resolved [org.example.QuanLyMuaVu.Exception.AppException: User has no assigned role.]
]]></system-out>
  </testcase>
  <testcase name="testValidLoginWithUsername" classname="org.example.QuanLyMuaVu.controller.AuthenticationControllerIntegrationTest" time="0.285">
    <system-out><![CDATA[Hibernate: select r1_0.role_id,r1_0.role_code,r1_0.description,r1_0.role_name from roles r1_0 where r1_0.role_code=?
Hibernate: select r1_0.role_id,r1_0.role_code,r1_0.description,r1_0.role_name from roles r1_0 where r1_0.role_code=?
Hibernate: insert into roles (role_code,description,role_name) values (?,?,?)
Hibernate: insert into users (email,full_name,joined_date,password_hash,phone,province_id,status,user_name,ward_id) values (?,?,?,?,?,?,?,?,?)
Hibernate: insert into user_roles (user_id,role_id) values (?,?)
Hibernate: insert into users (email,full_name,joined_date,password_hash,phone,province_id,status,user_name,ward_id) values (?,?,?,?,?,?,?,?,?)
Hibernate: insert into user_roles (user_id,role_id) values (?,?)
Hibernate: insert into users (email,full_name,joined_date,password_hash,phone,province_id,status,user_name,ward_id) values (?,?,?,?,?,?,?,?,?)
2026-01-05 23:25:40 - Securing POST /api/v1/auth/sign-in
2026-01-05 23:25:40 - Set SecurityContextHolder to anonymous SecurityContext
2026-01-05 23:25:40 - Secured POST /api/v1/auth/sign-in
2026-01-05 23:25:40 - Mapped to org.example.QuanLyMuaVu.Controller.AuthenticationController#authenticate(AuthenticationRequest)
2026-01-05 23:25:40 - Read "application/json;charset=UTF-8" to [AuthenticationRequest(identifier=test_active_user, email=null, password=testPassword123, rememberMe= (truncated)...]
2026-01-05 23:25:40 - Authentication attempt for identifier: test_active_user
Hibernate: select u1_0.user_id,u1_0.email,u1_0.full_name,u1_0.joined_date,u1_0.password_hash,u1_0.phone,u1_0.province_id,r1_0.user_id,r1_1.role_id,r1_1.role_code,r1_1.description,r1_1.role_name,u1_0.status,u1_0.user_name,u1_0.ward_id from users u1_0 left join user_roles r1_0 on u1_0.user_id=r1_0.user_id left join roles r1_1 on r1_1.role_id=r1_0.role_id where lower(u1_0.email)=lower(?) or lower(u1_0.user_name)=lower(?)
2026-01-05 23:25:40 - Generating JWT token for user: active@test.local
2026-01-05 23:25:40 - JWT token generated successfully for email: active@test.local - expires in 3600 seconds
2026-01-05 23:25:40 - Authentication successful for identifier: test_active_user - token generated, role: FARMER
2026-01-05 23:25:40 - Using 'application/json', given [*/*] and supported [application/json, application/*+json, application/yaml]
2026-01-05 23:25:40 - Writing [org.example.QuanLyMuaVu.DTO.Common.ApiResponse@56be8c1]
]]></system-out>
  </testcase>
  <testcase name="testMultipleRolesPreferFarmer" classname="org.example.QuanLyMuaVu.controller.AuthenticationControllerIntegrationTest" time="0.353">
    <system-out><![CDATA[Hibernate: select r1_0.role_id,r1_0.role_code,r1_0.description,r1_0.role_name from roles r1_0 where r1_0.role_code=?
Hibernate: select r1_0.role_id,r1_0.role_code,r1_0.description,r1_0.role_name from roles r1_0 where r1_0.role_code=?
Hibernate: insert into roles (role_code,description,role_name) values (?,?,?)
Hibernate: insert into users (email,full_name,joined_date,password_hash,phone,province_id,status,user_name,ward_id) values (?,?,?,?,?,?,?,?,?)
Hibernate: insert into user_roles (user_id,role_id) values (?,?)
Hibernate: insert into users (email,full_name,joined_date,password_hash,phone,province_id,status,user_name,ward_id) values (?,?,?,?,?,?,?,?,?)
Hibernate: insert into user_roles (user_id,role_id) values (?,?)
Hibernate: insert into users (email,full_name,joined_date,password_hash,phone,province_id,status,user_name,ward_id) values (?,?,?,?,?,?,?,?,?)
Hibernate: insert into users (email,full_name,joined_date,password_hash,phone,province_id,status,user_name,ward_id) values (?,?,?,?,?,?,?,?,?)
Hibernate: insert into user_roles (user_id,role_id) values (?,?)
Hibernate: insert into user_roles (user_id,role_id) values (?,?)
2026-01-05 23:25:40 - Securing POST /api/v1/auth/sign-in
2026-01-05 23:25:40 - Set SecurityContextHolder to anonymous SecurityContext
2026-01-05 23:25:40 - Secured POST /api/v1/auth/sign-in
2026-01-05 23:25:40 - Mapped to org.example.QuanLyMuaVu.Controller.AuthenticationController#authenticate(AuthenticationRequest)
2026-01-05 23:25:40 - Read "application/json;charset=UTF-8" to [AuthenticationRequest(identifier=multirole@test.local, email=null, password=testPassword123, remembe (truncated)...]
2026-01-05 23:25:40 - Authentication attempt for identifier: multirole@test.local
Hibernate: select u1_0.user_id,u1_0.email,u1_0.full_name,u1_0.joined_date,u1_0.password_hash,u1_0.phone,u1_0.province_id,r1_0.user_id,r1_1.role_id,r1_1.role_code,r1_1.description,r1_1.role_name,u1_0.status,u1_0.user_name,u1_0.ward_id from users u1_0 left join user_roles r1_0 on u1_0.user_id=r1_0.user_id left join roles r1_1 on r1_1.role_id=r1_0.role_id where lower(u1_0.email)=lower(?) or lower(u1_0.user_name)=lower(?)
2026-01-05 23:25:40 - Generating JWT token for user: multirole@test.local
2026-01-05 23:25:40 - JWT token generated successfully for email: multirole@test.local - expires in 3600 seconds
2026-01-05 23:25:40 - Authentication successful for identifier: multirole@test.local - token generated, role: FARMER
2026-01-05 23:25:40 - Using 'application/json', given [*/*] and supported [application/json, application/*+json, application/yaml]
2026-01-05 23:25:40 - Writing [org.example.QuanLyMuaVu.DTO.Common.ApiResponse@885caba]
]]></system-out>
  </testcase>
  <testcase name="testNonExistentUser" classname="org.example.QuanLyMuaVu.controller.AuthenticationControllerIntegrationTest" time="0.224">
    <system-out><![CDATA[Hibernate: select r1_0.role_id,r1_0.role_code,r1_0.description,r1_0.role_name from roles r1_0 where r1_0.role_code=?
Hibernate: select r1_0.role_id,r1_0.role_code,r1_0.description,r1_0.role_name from roles r1_0 where r1_0.role_code=?
Hibernate: insert into roles (role_code,description,role_name) values (?,?,?)
Hibernate: insert into users (email,full_name,joined_date,password_hash,phone,province_id,status,user_name,ward_id) values (?,?,?,?,?,?,?,?,?)
Hibernate: insert into user_roles (user_id,role_id) values (?,?)
Hibernate: insert into users (email,full_name,joined_date,password_hash,phone,province_id,status,user_name,ward_id) values (?,?,?,?,?,?,?,?,?)
Hibernate: insert into user_roles (user_id,role_id) values (?,?)
Hibernate: insert into users (email,full_name,joined_date,password_hash,phone,province_id,status,user_name,ward_id) values (?,?,?,?,?,?,?,?,?)
2026-01-05 23:25:41 - Securing POST /api/v1/auth/sign-in
2026-01-05 23:25:41 - Set SecurityContextHolder to anonymous SecurityContext
2026-01-05 23:25:41 - Secured POST /api/v1/auth/sign-in
2026-01-05 23:25:41 - Mapped to org.example.QuanLyMuaVu.Controller.AuthenticationController#authenticate(AuthenticationRequest)
2026-01-05 23:25:41 - Read "application/json;charset=UTF-8" to [AuthenticationRequest(identifier=nonexistent@test.local, email=null, password=testPassword123, remem (truncated)...]
2026-01-05 23:25:41 - Authentication attempt for identifier: nonexistent@test.local
Hibernate: select u1_0.user_id,u1_0.email,u1_0.full_name,u1_0.joined_date,u1_0.password_hash,u1_0.phone,u1_0.province_id,r1_0.user_id,r1_1.role_id,r1_1.role_code,r1_1.description,r1_1.role_name,u1_0.status,u1_0.user_name,u1_0.ward_id from users u1_0 left join user_roles r1_0 on u1_0.user_id=r1_0.user_id left join roles r1_1 on r1_1.role_id=r1_0.role_id where lower(u1_0.email)=lower(?) or lower(u1_0.user_name)=lower(?)
2026-01-05 23:25:41 - Authentication failed - identifier not found: nonexistent@test.local
2026-01-05 23:25:41 - Using @ExceptionHandler org.example.QuanLyMuaVu.Exception.GlobalExceptionHandler#handlingAppException(AppException)
2026-01-05 23:25:41 - Using 'application/json', given [*/*] and supported [application/json, application/*+json, application/yaml]
2026-01-05 23:25:41 - Writing [org.example.QuanLyMuaVu.DTO.Common.ApiResponse@21a36de9]
2026-01-05 23:25:41 - Resolved [org.example.QuanLyMuaVu.Exception.AppException: Invalid username/email or password.]
]]></system-out>
  </testcase>
  <testcase name="testInvalidCredentials" classname="org.example.QuanLyMuaVu.controller.AuthenticationControllerIntegrationTest" time="0.288">
    <system-out><![CDATA[Hibernate: select r1_0.role_id,r1_0.role_code,r1_0.description,r1_0.role_name from roles r1_0 where r1_0.role_code=?
Hibernate: select r1_0.role_id,r1_0.role_code,r1_0.description,r1_0.role_name from roles r1_0 where r1_0.role_code=?
Hibernate: insert into roles (role_code,description,role_name) values (?,?,?)
Hibernate: insert into users (email,full_name,joined_date,password_hash,phone,province_id,status,user_name,ward_id) values (?,?,?,?,?,?,?,?,?)
Hibernate: insert into user_roles (user_id,role_id) values (?,?)
Hibernate: insert into users (email,full_name,joined_date,password_hash,phone,province_id,status,user_name,ward_id) values (?,?,?,?,?,?,?,?,?)
Hibernate: insert into user_roles (user_id,role_id) values (?,?)
Hibernate: insert into users (email,full_name,joined_date,password_hash,phone,province_id,status,user_name,ward_id) values (?,?,?,?,?,?,?,?,?)
2026-01-05 23:25:41 - Securing POST /api/v1/auth/sign-in
2026-01-05 23:25:41 - Set SecurityContextHolder to anonymous SecurityContext
2026-01-05 23:25:41 - Secured POST /api/v1/auth/sign-in
2026-01-05 23:25:41 - Mapped to org.example.QuanLyMuaVu.Controller.AuthenticationController#authenticate(AuthenticationRequest)
2026-01-05 23:25:41 - Read "application/json;charset=UTF-8" to [AuthenticationRequest(identifier=active@test.local, email=null, password=wrongPassword, rememberMe=f (truncated)...]
2026-01-05 23:25:41 - Authentication attempt for identifier: active@test.local
Hibernate: select u1_0.user_id,u1_0.email,u1_0.full_name,u1_0.joined_date,u1_0.password_hash,u1_0.phone,u1_0.province_id,r1_0.user_id,r1_1.role_id,r1_1.role_code,r1_1.description,r1_1.role_name,u1_0.status,u1_0.user_name,u1_0.ward_id from users u1_0 left join user_roles r1_0 on u1_0.user_id=r1_0.user_id left join roles r1_1 on r1_1.role_id=r1_0.role_id where lower(u1_0.email)=lower(?) or lower(u1_0.user_name)=lower(?)
2026-01-05 23:25:41 - Authentication failed - invalid password for identifier: active@test.local
2026-01-05 23:25:41 - Using @ExceptionHandler org.example.QuanLyMuaVu.Exception.GlobalExceptionHandler#handlingAppException(AppException)
2026-01-05 23:25:41 - Using 'application/json', given [*/*] and supported [application/json, application/*+json, application/yaml]
2026-01-05 23:25:41 - Writing [org.example.QuanLyMuaVu.DTO.Common.ApiResponse@4a55b6c9]
2026-01-05 23:25:41 - Resolved [org.example.QuanLyMuaVu.Exception.AppException: Invalid username/email or password.]
]]></system-out>
  </testcase>
</testsuite>